<?xml version="1.0" encoding="UTF-8"?>
<!-- Generated by org.testng.reporters.JUnitReportReporter -->
<testsuite hostname="DESKTOP-CN7194J" failures="0" tests="4" name="api.test.UserTest" time="9.551" errors="0" timestamp="2024-02-15T18:28:49 IST" skipped="0">
  <testcase classname="api.test.UserTest" name="testgetUser" time="1.707"/>
  <testcase classname="api.test.UserTest" name="testpostUser" time="4.034"/>
  <testcase classname="api.test.UserTest" name="testupdateUser" time="2.341"/>
  <testcase classname="api.test.UserTest" name="testDelUser" time="1.469"/>
</testsuite> <!-- api.test.UserTest -->
