<?xml version="1.0" encoding="UTF-8"?>
<!-- Generated by org.testng.reporters.JUnitReportReporter -->
<testsuite hostname="DESKTOP-CN7194J" failures="0" tests="4" name="api.test.UserTest" time="13.813" errors="0" timestamp="2024-02-15T18:33:55 IST" skipped="0">
  <testcase classname="api.test.UserTest" name="testgetUser" time="1.341"/>
  <testcase classname="api.test.UserTest" name="testpostUser" time="3.879"/>
  <testcase classname="api.test.UserTest" name="testupdateUser" time="6.404"/>
  <testcase classname="api.test.UserTest" name="testDelUser" time="2.189"/>
</testsuite> <!-- api.test.UserTest -->
